This is pdfTeX, Version 3.1415926-2.3-1.40.12 (TeX Live 2011) (format=pdflatex 2011.9.8)  21 APR 2015 18:12
entering extended mode
 restricted \write18 enabled.
 %&-line parsing enabled.
**ClassNotes771.tex
(./ClassNotes771.tex
LaTeX2e <2011/06/27>
Babel <v3.8m> and hyphenation patterns for english, dumylang, nohyphenation, ge
rman-x-2011-07-01, ngerman-x-2011-07-01, afrikaans, ancientgreek, ibycus, arabi
c, armenian, basque, bulgarian, catalan, pinyin, coptic, croatian, czech, danis
h, dutch, ukenglish, usenglishmax, esperanto, estonian, ethiopic, farsi, finnis
h, french, galician, german, ngerman, swissgerman, monogreek, greek, hungarian,
 icelandic, assamese, bengali, gujarati, hindi, kannada, malayalam, marathi, or
iya, panjabi, tamil, telugu, indonesian, interlingua, irish, italian, kurmanji,
 lao, latin, latvian, lithuanian, mongolian, mongolianlmc, bokmal, nynorsk, pol
ish, portuguese, romanian, russian, sanskrit, serbian, serbianc, slovak, sloven
ian, spanish, swedish, turkish, turkmen, ukrainian, uppersorbian, welsh, loaded
.

(/afs/cs.wisc.edu/s/texlive-2011/amd64_rhel5/texmf-dist/tex/latex/base/article.
cls
Document Class: article 2007/10/19 v1.4h Standard LaTeX document class

(/afs/cs.wisc.edu/s/texlive-2011/amd64_rhel5/texmf-dist/tex/latex/base/size11.c
lo
File: size11.clo 2007/10/19 v1.4h Standard LaTeX file (size option)
)
\c@part=\count79
\c@section=\count80
\c@subsection=\count81
\c@subsubsection=\count82
\c@paragraph=\count83
\c@subparagraph=\count84
\c@figure=\count85
\c@table=\count86
\abovecaptionskip=\skip41
\belowcaptionskip=\skip42
\bibindent=\dimen102
)
(/afs/cs.wisc.edu/s/texlive-2011/amd64_rhel5/texmf-dist/tex/generic/babel/babel
.sty
Package: babel 2008/07/08 v3.8m The Babel package

(/afs/cs.wisc.edu/s/texlive-2011/amd64_rhel5/texmf-dist/tex/generic/babel/engli
sh.ldf
Language: english 2005/03/30 v3.3o English support from the babel system

(/afs/cs.wisc.edu/s/texlive-2011/amd64_rhel5/texmf-dist/tex/generic/babel/babel
.def
File: babel.def 2008/07/08 v3.8m Babel common definitions
\babel@savecnt=\count87
\U@D=\dimen103
)
\l@canadian = a dialect from \language\l@american 
\l@australian = a dialect from \language\l@british 
\l@newzealand = a dialect from \language\l@british 
)
(/afs/cs.wisc.edu/s/texlive-2011/amd64_rhel5/texmf-dist/tex/generic/babel/engli
sh.ldf
Language: english 2005/03/30 v3.3o English support from the babel system
)
(/afs/cs.wisc.edu/s/texlive-2011/amd64_rhel5/texmf-dist/tex/generic/babel/engli
sh.ldf
Language: english 2005/03/30 v3.3o English support from the babel system
)
(/afs/cs.wisc.edu/s/texlive-2011/amd64_rhel5/texmf-dist/tex/generic/babel/engli
sh.ldf
Language: english 2005/03/30 v3.3o English support from the babel system
))
(/afs/cs.wisc.edu/s/texlive-2011/amd64_rhel5/texmf-dist/tex/latex/base/inputenc
.sty
Package: inputenc 2008/03/30 v1.1d Input encoding file
\inpenc@prehook=\toks14
\inpenc@posthook=\toks15

(/afs/cs.wisc.edu/s/texlive-2011/amd64_rhel5/texmf-dist/tex/latex/base/latin1.d
ef
File: latin1.def 2008/03/30 v1.1d Input encoding file
))
(/afs/cs.wisc.edu/s/texlive-2011/amd64_rhel5/texmf-dist/tex/latex/graphics/grap
hicx.sty
Package: graphicx 1999/02/16 v1.0f Enhanced LaTeX Graphics (DPC,SPQR)

(/afs/cs.wisc.edu/s/texlive-2011/amd64_rhel5/texmf-dist/tex/latex/graphics/keyv
al.sty
Package: keyval 1999/03/16 v1.13 key=value parser (DPC)
\KV@toks@=\toks16
)
(/afs/cs.wisc.edu/s/texlive-2011/amd64_rhel5/texmf-dist/tex/latex/graphics/grap
hics.sty
Package: graphics 2009/02/05 v1.0o Standard LaTeX Graphics (DPC,SPQR)

(/afs/cs.wisc.edu/s/texlive-2011/amd64_rhel5/texmf-dist/tex/latex/graphics/trig
.sty
Package: trig 1999/03/16 v1.09 sin cos tan (DPC)
)
(/afs/cs.wisc.edu/s/texlive-2011/amd64_rhel5/texmf-dist/tex/latex/latexconfig/g
raphics.cfg
File: graphics.cfg 2010/04/23 v1.9 graphics configuration of TeX Live
)
Package graphics Info: Driver file: dvips.def on input line 91.

(/afs/cs.wisc.edu/s/texlive-2011/amd64_rhel5/texmf-dist/tex/latex/graphics/dvip
s.def
File: dvips.def 1999/02/16 v3.0i Driver-dependant file (DPC,SPQR)
))
\Gin@req@height=\dimen104
\Gin@req@width=\dimen105
)
(/afs/cs.wisc.edu/s/texlive-2011/amd64_rhel5/texmf-dist/tex/latex/amsmath/amsma
th.sty
Package: amsmath 2000/07/18 v2.13 AMS math features
\@mathmargin=\skip43

For additional information on amsmath, use the `?' option.

(/afs/cs.wisc.edu/s/texlive-2011/amd64_rhel5/texmf-dist/tex/latex/amsmath/amste
xt.sty
Package: amstext 2000/06/29 v2.01

(/afs/cs.wisc.edu/s/texlive-2011/amd64_rhel5/texmf-dist/tex/latex/amsmath/amsge
n.sty
File: amsgen.sty 1999/11/30 v2.0
\@emptytoks=\toks17
\ex@=\dimen106
))
(/afs/cs.wisc.edu/s/texlive-2011/amd64_rhel5/texmf-dist/tex/latex/amsmath/amsbs
y.sty
Package: amsbsy 1999/11/29 v1.2d
\pmbraise@=\dimen107
)
(/afs/cs.wisc.edu/s/texlive-2011/amd64_rhel5/texmf-dist/tex/latex/amsmath/amsop
n.sty
Package: amsopn 1999/12/14 v2.01 operator names
)
\inf@bad=\count88
LaTeX Info: Redefining \frac on input line 211.
\uproot@=\count89
\leftroot@=\count90
LaTeX Info: Redefining \overline on input line 307.
\classnum@=\count91
\DOTSCASE@=\count92
LaTeX Info: Redefining \ldots on input line 379.
LaTeX Info: Redefining \dots on input line 382.
LaTeX Info: Redefining \cdots on input line 467.
\Mathstrutbox@=\box26
\strutbox@=\box27
\big@size=\dimen108
LaTeX Font Info:    Redeclaring font encoding OML on input line 567.
LaTeX Font Info:    Redeclaring font encoding OMS on input line 568.
\macc@depth=\count93
\c@MaxMatrixCols=\count94
\dotsspace@=\muskip10
\c@parentequation=\count95
\dspbrk@lvl=\count96
\tag@help=\toks18
\row@=\count97
\column@=\count98
\maxfields@=\count99
\andhelp@=\toks19
\eqnshift@=\dimen109
\alignsep@=\dimen110
\tagshift@=\dimen111
\tagwidth@=\dimen112
\totwidth@=\dimen113
\lineht@=\dimen114
\@envbody=\toks20
\multlinegap=\skip44
\multlinetaggap=\skip45
\mathdisplay@stack=\toks21
LaTeX Info: Redefining \[ on input line 2666.
LaTeX Info: Redefining \] on input line 2667.
)
(/afs/cs.wisc.edu/s/texlive-2011/amd64_rhel5/texmf-dist/tex/latex/amsfonts/amss
ymb.sty
Package: amssymb 2009/06/22 v3.00

(/afs/cs.wisc.edu/s/texlive-2011/amd64_rhel5/texmf-dist/tex/latex/amsfonts/amsf
onts.sty
Package: amsfonts 2009/06/22 v3.00 Basic AMSFonts support
\symAMSa=\mathgroup4
\symAMSb=\mathgroup5
LaTeX Font Info:    Overwriting math alphabet `\mathfrak' in version `bold'
(Font)                  U/euf/m/n --> U/euf/b/n on input line 96.
))
(/afs/cs.wisc.edu/s/texlive-2011/amd64_rhel5/texmf-dist/tex/latex/amscls/amsthm
.sty
Package: amsthm 2009/07/02 v2.20.1
\thm@style=\toks22
\thm@bodyfont=\toks23
\thm@headfont=\toks24
\thm@notefont=\toks25
\thm@headpunct=\toks26
\thm@preskip=\skip46
\thm@postskip=\skip47
\thm@headsep=\skip48
\dth@everypar=\toks27
)
(/afs/cs.wisc.edu/s/texlive-2011/amd64_rhel5/texmf-dist/tex/latex/anysize/anysi
ze.sty
Package: anysize 1994/08/13 setting margin sizes

document style option `anysize' loaded
Michael Salzenberg, Thomas Esser, Dirk Hillbrecht
Version 1.0, Aug 13, 1994
\@Leftmargin=\dimen115
\@Rightmargin=\dimen116
\@Topmargin=\dimen117
\@Bottommargin=\dimen118
)
(/afs/cs.wisc.edu/s/texlive-2011/amd64_rhel5/texmf-dist/tex/latex/fancyhdr/fanc
yhdr.sty
\fancy@headwidth=\skip49
\f@ncyO@elh=\skip50
\f@ncyO@erh=\skip51
\f@ncyO@olh=\skip52
\f@ncyO@orh=\skip53
\f@ncyO@elf=\skip54
\f@ncyO@erf=\skip55
\f@ncyO@olf=\skip56
\f@ncyO@orf=\skip57
)
(/afs/cs.wisc.edu/s/texlive-2011/amd64_rhel5/texmf-dist/tex/latex/graphics/colo
r.sty
Package: color 2005/11/14 v1.0j Standard LaTeX Color (DPC)

(/afs/cs.wisc.edu/s/texlive-2011/amd64_rhel5/texmf-dist/tex/latex/latexconfig/c
olor.cfg
File: color.cfg 2007/01/18 v1.5 color configuration of teTeX/TeXLive
)
Package color Info: Driver file: pdftex.def on input line 130.

(/afs/cs.wisc.edu/s/texlive-2011/amd64_rhel5/texmf-dist/tex/latex/pdftex-def/pd
ftex.def
File: pdftex.def 2011/05/27 v0.06d Graphics/color for pdfTeX

(/afs/cs.wisc.edu/s/texlive-2011/amd64_rhel5/texmf-dist/tex/generic/oberdiek/in
fwarerr.sty
Package: infwarerr 2010/04/08 v1.3 Providing info/warning/message (HO)
)
(/afs/cs.wisc.edu/s/texlive-2011/amd64_rhel5/texmf-dist/tex/generic/oberdiek/lt
xcmds.sty
Package: ltxcmds 2011/04/18 v1.20 LaTeX kernel commands for general use (HO)
)
\Gread@gobject=\count100
))
(/afs/cs.wisc.edu/s/texlive-2011/amd64_rhel5/texmf-dist/tex/latex/tools/multico
l.sty
Package: multicol 2011/06/27 v1.7a multicolumn formatting (FMi)
\c@tracingmulticols=\count101
\mult@box=\box28
\multicol@leftmargin=\dimen119
\c@unbalance=\count102
\c@collectmore=\count103
\doublecol@number=\count104
\multicoltolerance=\count105
\multicolpretolerance=\count106
\full@width=\dimen120
\page@free=\dimen121
\premulticols=\dimen122
\postmulticols=\dimen123
\multicolsep=\skip58
\multicolbaselineskip=\skip59
\partial@page=\box29
\last@line=\box30
\mult@rightbox=\box31
\mult@grightbox=\box32
\mult@gfirstbox=\box33
\mult@firstbox=\box34
\@tempa=\box35
\@tempa=\box36
\@tempa=\box37
\@tempa=\box38
\@tempa=\box39
\@tempa=\box40
\@tempa=\box41
\@tempa=\box42
\@tempa=\box43
\@tempa=\box44
\@tempa=\box45
\@tempa=\box46
\@tempa=\box47
\@tempa=\box48
\@tempa=\box49
\@tempa=\box50
\@tempa=\box51
\c@columnbadness=\count107
\c@finalcolumnbadness=\count108
\last@try=\dimen124
\multicolovershoot=\dimen125
\multicolundershoot=\dimen126
\mult@nat@firstbox=\box52
\colbreak@box=\box53
\multicol@sort@counter=\count109
)
(/afs/cs.wisc.edu/s/texlive-2011/amd64_rhel5/texmf-dist/tex/latex/base/latexsym
.sty
Package: latexsym 1998/08/17 v2.2e Standard LaTeX package (lasy symbols)
\symlasy=\mathgroup6
LaTeX Font Info:    Overwriting symbol font `lasy' in version `bold'
(Font)                  U/lasy/m/n --> U/lasy/b/n on input line 47.
)
(/afs/cs.wisc.edu/s/texlive-2011/amd64_rhel5/texmf-dist/tex/latex/tools/enumera
te.sty
Package: enumerate 1999/03/05 v3.00 enumerate extensions (DPC)
\@enLab=\toks28
)
(/afs/cs.wisc.edu/s/texlive-2011/amd64_rhel5/texmf-dist/tex/latex/graphics/epsf
ig.sty
Package: epsfig 1999/02/16 v1.7a (e)psfig emulation (SPQR)
\epsfxsize=\dimen127
\epsfysize=\dimen128
)
(/afs/cs.wisc.edu/s/texlive-2011/amd64_rhel5/texmf-dist/tex/latex/multirow/mult
irow.sty
\bigstrutjot=\dimen129
)
(/afs/cs.wisc.edu/s/texlive-2011/amd64_rhel5/texmf-dist/tex/latex/cancel/cancel
.sty
Package: cancel 2000/03/12 v2.1 Cancel math terms
)
(/afs/cs.wisc.edu/s/texlive-2011/amd64_rhel5/texmf-dist/tex/latex/eurosym/euros
ym.sty
Package: eurosym 1998/08/06 v1.1 European currency symbol ``Euro''
\@eurobox=\box54
)
(/afs/cs.wisc.edu/s/texlive-2011/amd64_rhel5/texmf-dist/tex/latex/oberdiek/stac
krel.sty
Package: stackrel 2007/11/11 v1.2 Adding subscript option to stackrel (HO)

(/afs/cs.wisc.edu/s/texlive-2011/amd64_rhel5/texmf-dist/tex/generic/oberdiek/et
excmds.sty
Package: etexcmds 2011/02/16 v1.5 Prefix for e-TeX command names (HO)

(/afs/cs.wisc.edu/s/texlive-2011/amd64_rhel5/texmf-dist/tex/generic/oberdiek/if
luatex.sty
Package: ifluatex 2010/03/01 v1.3 Provides the ifluatex switch (HO)
Package ifluatex Info: LuaTeX not detected.
)
Package etexcmds Info: Could not find \expanded.
(etexcmds)             That can mean that you are not using pdfTeX 1.50 or
(etexcmds)             that some package has redefined \expanded.
(etexcmds)             In the latter case, load this package earlier.
)
(/afs/cs.wisc.edu/s/texlive-2011/amd64_rhel5/texmf-dist/tex/generic/oberdiek/pd
ftexcmds.sty
Package: pdftexcmds 2011/04/22 v0.16 Utilities of pdfTeX for LuaTeX (HO)

(/afs/cs.wisc.edu/s/texlive-2011/amd64_rhel5/texmf-dist/tex/generic/oberdiek/if
pdf.sty
Package: ifpdf 2011/01/30 v2.3 Provides the ifpdf switch (HO)
Package ifpdf Info: pdfTeX in PDF mode is detected.
)
Package pdftexcmds Info: LuaTeX not detected.
Package pdftexcmds Info: \pdf@primitive is available.
Package pdftexcmds Info: \pdf@ifprimitive is available.
Package pdftexcmds Info: \pdfdraftmode found.
))
(/afs/cs.wisc.edu/s/texlive-2011/amd64_rhel5/texmf-dist/tex/latex/ms/ragged2e.s
ty
Package: ragged2e 2009/05/21 v2.1 ragged2e Package (MS)

(/afs/cs.wisc.edu/s/texlive-2011/amd64_rhel5/texmf-dist/tex/latex/ms/everysel.s
ty
Package: everysel 2009/05/30 v1.1 EverySelectfont Package (MS)
)
\CenteringLeftskip=\skip60
\RaggedLeftLeftskip=\skip61
\RaggedRightLeftskip=\skip62
\CenteringRightskip=\skip63
\RaggedLeftRightskip=\skip64
\RaggedRightRightskip=\skip65
\CenteringParfillskip=\skip66
\RaggedLeftParfillskip=\skip67
\RaggedRightParfillskip=\skip68
\JustifyingParfillskip=\skip69
\CenteringParindent=\skip70
\RaggedLeftParindent=\skip71
\RaggedRightParindent=\skip72
\JustifyingParindent=\skip73
) (./ClassNotes771.aux)
\openout1 = `ClassNotes771.aux'.

LaTeX Font Info:    Checking defaults for OML/cmm/m/it on input line 46.
LaTeX Font Info:    ... okay on input line 46.
LaTeX Font Info:    Checking defaults for T1/cmr/m/n on input line 46.
LaTeX Font Info:    ... okay on input line 46.
LaTeX Font Info:    Checking defaults for OT1/cmr/m/n on input line 46.
LaTeX Font Info:    ... okay on input line 46.
LaTeX Font Info:    Checking defaults for OMS/cmsy/m/n on input line 46.
LaTeX Font Info:    ... okay on input line 46.
LaTeX Font Info:    Checking defaults for OMX/cmex/m/n on input line 46.
LaTeX Font Info:    ... okay on input line 46.
LaTeX Font Info:    Checking defaults for U/cmr/m/n on input line 46.
LaTeX Font Info:    ... okay on input line 46.

(/afs/cs.wisc.edu/s/texlive-2011/amd64_rhel5/texmf-dist/tex/latex/oberdiek/epst
opdf-base.sty
Package: epstopdf-base 2010/02/09 v2.5 Base part for package epstopdf

(/afs/cs.wisc.edu/s/texlive-2011/amd64_rhel5/texmf-dist/tex/latex/oberdiek/grfe
xt.sty
Package: grfext 2010/08/19 v1.1 Managing graphics extensions (HO)

(/afs/cs.wisc.edu/s/texlive-2011/amd64_rhel5/texmf-dist/tex/generic/oberdiek/kv
definekeys.sty
Package: kvdefinekeys 2011/04/07 v1.3 Defining keys (HO)
))
(/afs/cs.wisc.edu/s/texlive-2011/amd64_rhel5/texmf-dist/tex/latex/oberdiek/kvop
tions.sty
Package: kvoptions 2010/12/23 v3.10 Keyval support for LaTeX options (HO)

(/afs/cs.wisc.edu/s/texlive-2011/amd64_rhel5/texmf-dist/tex/generic/oberdiek/kv
setkeys.sty
Package: kvsetkeys 2011/04/07 v1.13 Key value parser (HO)
))
Package epstopdf-base Info: Redefining graphics rule for `.eps' on input line 4
34.
Package grfext Info: Graphics extension search list:
(grfext)             [.png,.pdf,.jpg,.mps,.jpeg,.jbig2,.jb2,.PNG,.PDF,.JPG,.JPE
G,.JBIG2,.JB2,.eps]
(grfext)             \AppendGraphicsExtensions on input line 452.

(/afs/cs.wisc.edu/s/texlive-2011/amd64_rhel5/texmf-dist/tex/latex/latexconfig/e
pstopdf-sys.cfg
File: epstopdf-sys.cfg 2010/07/13 v1.3 Configuration of (r)epstopdf for TeX Liv
e
))
(/afs/cs.wisc.edu/s/texlive-2011/amd64_rhel5/texmf-dist/tex/context/base/supp-p
df.mkii
[Loading MPS to PDF converter (version 2006.09.02).]
\scratchcounter=\count110
\scratchdimen=\dimen130
\scratchbox=\box55
\nofMPsegments=\count111
\nofMParguments=\count112
\everyMPshowfont=\toks29
\MPscratchCnt=\count113
\MPscratchDim=\dimen131
\MPnumerator=\count114
\makeMPintoPDFobject=\count115
\everyMPtoPDFconversion=\toks30
)
LaTeX Info: Redefining \selectfont on input line 46.
 [1

{/afs/cs.wisc.edu/s/texlive-2011/amd64_rhel5/texmf-var/fonts/map/pdftex/updmap/
pdftex.map}]
Overfull \hbox (27.64566pt too wide) in paragraph at lines 111--111
[]\OT1/cmtt/m/n/10.95 [1] 3.141592653589793238462643383279502884197169399375105
820974944592307816406286208[] 
 []


Underfull \hbox (badness 10000) in paragraph at lines 116--117

 []

LaTeX Font Info:    Try loading font information for U+msa on input line 118.

(/afs/cs.wisc.edu/s/texlive-2011/amd64_rhel5/texmf-dist/tex/latex/amsfonts/umsa
.fd
File: umsa.fd 2009/06/22 v3.00 AMS symbols A
)
LaTeX Font Info:    Try loading font information for U+msb on input line 118.

(/afs/cs.wisc.edu/s/texlive-2011/amd64_rhel5/texmf-dist/tex/latex/amsfonts/umsb
.fd
File: umsb.fd 2009/06/22 v3.00 AMS symbols B
)
LaTeX Font Info:    Try loading font information for U+lasy on input line 118.

(/afs/cs.wisc.edu/s/texlive-2011/amd64_rhel5/texmf-dist/tex/latex/base/ulasy.fd
File: ulasy.fd 1998/08/17 v2.2e LaTeX symbol font definitions
)
Underfull \hbox (badness 10000) in paragraph at lines 118--121

 []

[2]
Overfull \hbox (20.58911pt too wide) in paragraph at lines 141--145
\OT1/cmr/m/n/10.95 pend on which par-tic-u-lar $\OML/cmm/m/it/10.95 j$ \OT1/cmr
/m/n/10.95 tri-als are suc-cesses. In fact, with $\OMS/cmsy/m/n/10.95 F[] \OT1/
cmr/m/n/10.95 = []$,
 []

[3]
Underfull \hbox (badness 10000) in paragraph at lines 172--173

 []


Underfull \hbox (badness 10000) in paragraph at lines 174--182

 []


Overfull \hbox (12.70384pt too wide) in paragraph at lines 174--182
\OT1/cmr/m/n/10.95 We use vec-tor dif-fer-en-ti-a-tion to get the op-ti-mal so-
lu-tion, sat-is-fy-ing the nor-mal equa-tions $(\OML/cmm/m/it/10.95 X[]X\OT1/cm
r/m/n/10.95 )[] =
 []

[4]
Underfull \hbox (badness 10000) in paragraph at lines 191--192

 []


Underfull \hbox (badness 10000) in paragraph at lines 191--192

 []

[5]
Underfull \hbox (badness 10000) in paragraph at lines 224--226

 []

[6]
Underfull \hbox (badness 10000) in paragraph at lines 248--254

 []


Underfull \hbox (badness 10000) in paragraph at lines 248--254

 []

[7]
Underfull \hbox (badness 10000) in paragraph at lines 259--265

 []


Underfull \hbox (badness 10000) in paragraph at lines 259--265

 []

[8]
Underfull \hbox (badness 10000) in paragraph at lines 295--298

 []

[9]
Underfull \hbox (badness 10000) in paragraph at lines 310--317

 []


Underfull \hbox (badness 10000) in paragraph at lines 310--317

 []

[10] [11] [12]
Underfull \hbox (badness 10000) in paragraph at lines 381--388

 []


Underfull \hbox (badness 10000) in paragraph at lines 389--390

 []

[13] [14] [15]
Underfull \hbox (badness 10000) in paragraph at lines 450--453

 []

[16]
Underfull \hbox (badness 10000) in paragraph at lines 462--465

 []

[17] [18]
Underfull \hbox (badness 10000) in paragraph at lines 511--512

 []


Underfull \hbox (badness 10000) in paragraph at lines 516--518

 []


Underfull \hbox (badness 10000) in paragraph at lines 519--520

 []

[19]
Underfull \hbox (badness 10000) in paragraph at lines 531--532

 []

[20] [21]
Overfull \hbox (11.23807pt too wide) in paragraph at lines 632--633
[]\OT1/cmr/m/n/10.95 In sim-pli-fy-ing the prob as-sign-ments, we might be will
-ing to as-sume $\OML/cmm/m/it/10.95 p\OT1/cmr/m/n/10.95 (\OML/cmm/m/it/10.95 x
[]; :::; x[]\OT1/cmr/m/n/10.95 ) = \OML/cmm/m/it/10.95 p\OT1/cmr/m/n/10.95 (\OM
L/cmm/m/it/10.95 x[]; :::; x[]\OT1/cmr/m/n/10.95 )$
 []

[22]
Overfull \hbox (1.37854pt too wide) in paragraph at lines 686--687
\OT1/cmr/m/n/10.95 gives us var-i-ous Bayes rules (e.g. point estimate$\OML/cmm
/m/it/10.95 E\OT1/cmr/m/n/10.95 (\OML/cmm/m/it/10.95 N\OMS/cmsy/m/n/10.95 j\OML
/cmm/m/it/10.95 data\OT1/cmr/m/n/10.95 )$or $\OML/cmm/m/it/10.95 median\OT1/cmr
/m/n/10.95 (\OML/cmm/m/it/10.95 N\OMS/cmsy/m/n/10.95 j\OML/cmm/m/it/10.95 data\
OT1/cmr/m/n/10.95 )$, or CI's). Bayesian
 []

[23] [24] [25] [26] [27]
Overfull \hbox (4.5319pt too wide) in paragraph at lines 992--993
[]\OT1/cmr/m/n/10.95 properties as truly ran-dom se-quences (dis-cuss pe-riod a
nd dis-tri-bu-tion tests, and that Mersenne
 []

[28]
LaTeX Font Info:    Try loading font information for OMS+cmr on input line 1016
.

(/afs/cs.wisc.edu/s/texlive-2011/amd64_rhel5/texmf-dist/tex/latex/base/omscmr.f
d
File: omscmr.fd 1999/05/25 v2.5h Standard LaTeX font definitions
)
LaTeX Font Info:    Font shape `OMS/cmr/m/n' in size <10.95> not available
(Font)              Font shape `OMS/cmsy/m/n' tried instead on input line 1016.

 [29] [30] (./ClassNotes771.aux) ) 
Here is how much of TeX's memory you used:
 3367 strings out of 493629
 48765 string characters out of 3134964
 112736 words of memory out of 3000000
 6558 multiletter control sequences out of 15000+200000
 11591 words of font info for 45 fonts, out of 3000000 for 9000
 831 hyphenation exceptions out of 8191
 33i,9n,43p,847b,257s stack positions out of 5000i,500n,10000p,200000b,50000s
</afs/cs.wisc.edu/s/texlive-2011/amd64_rhel5/
texmf-dist/fonts/type1/public/amsfonts/cm/cmbx10.pfb></afs/cs.wisc.edu/s/texliv
e-2011/amd64_rhel5/texmf-dist/fonts/type1/public/amsfonts/cm/cmbx12.pfb></afs/c
s.wisc.edu/s/texlive-2011/amd64_rhel5/texmf-dist/fonts/type1/public/amsfonts/cm
/cmex10.pfb></afs/cs.wisc.edu/s/texlive-2011/amd64_rhel5/texmf-dist/fonts/type1
/public/amsfonts/cmextra/cmex8.pfb></afs/cs.wisc.edu/s/texlive-2011/amd64_rhel5
/texmf-dist/fonts/type1/public/amsfonts/cm/cmmi10.pfb></afs/cs.wisc.edu/s/texli
ve-2011/amd64_rhel5/texmf-dist/fonts/type1/public/amsfonts/cm/cmmi6.pfb></afs/c
s.wisc.edu/s/texlive-2011/amd64_rhel5/texmf-dist/fonts/type1/public/amsfonts/cm
/cmmi8.pfb></afs/cs.wisc.edu/s/texlive-2011/amd64_rhel5/texmf-dist/fonts/type1/
public/amsfonts/cm/cmr10.pfb></afs/cs.wisc.edu/s/texlive-2011/amd64_rhel5/texmf
-dist/fonts/type1/public/amsfonts/cm/cmr6.pfb></afs/cs.wisc.edu/s/texlive-2011/
amd64_rhel5/texmf-dist/fonts/type1/public/amsfonts/cm/cmr8.pfb></afs/cs.wisc.ed
u/s/texlive-2011/amd64_rhel5/texmf-dist/fonts/type1/public/amsfonts/cm/cmsy10.p
fb></afs/cs.wisc.edu/s/texlive-2011/amd64_rhel5/texmf-dist/fonts/type1/public/a
msfonts/cm/cmsy6.pfb></afs/cs.wisc.edu/s/texlive-2011/amd64_rhel5/texmf-dist/fo
nts/type1/public/amsfonts/cm/cmsy8.pfb></afs/cs.wisc.edu/s/texlive-2011/amd64_r
hel5/texmf-dist/fonts/type1/public/amsfonts/cm/cmti10.pfb></afs/cs.wisc.edu/s/t
exlive-2011/amd64_rhel5/texmf-dist/fonts/type1/public/amsfonts/cm/cmti12.pfb></
afs/cs.wisc.edu/s/texlive-2011/amd64_rhel5/texmf-dist/fonts/type1/public/amsfon
ts/cm/cmtt10.pfb>
Output written on ClassNotes771.pdf (30 pages, 314844 bytes).
PDF statistics:
 165 PDF objects out of 1000 (max. 8388607)
 115 compressed objects within 2 object streams
 0 named destinations out of 1000 (max. 500000)
 1 words of extra memory for PDF output out of 10000 (max. 10000000)

